/home/aitaro/.anyenv/envs/pyenv/shims:/home/aitaro/.anyenv/envs/pyenv/bin:/home/aitaro/.anyenv/bin:/usr/local/bin:/usr/bin:/bin:/usr/local/games:/usr/games
Wed Apr 24 19:16:01 JST 2019
finish
/home/aitaro/.anyenv/envs/pyenv/shims:/home/aitaro/.anyenv/envs/pyenv/bin:/home/aitaro/.anyenv/bin:/usr/local/bin:/usr/bin:/bin:/usr/local/games:/usr/games
Wed Apr 24 19:38:01 JST 2019
finish
/home/aitaro/.anyenv/envs/pyenv/shims:/home/aitaro/.anyenv/envs/pyenv/bin:/home/aitaro/.anyenv/bin:/usr/local/bin:/usr/bin:/bin:/usr/local/games:/usr/games
Wed Apr 24 20:16:01 JST 2019
finish
/home/aitaro/.anyenv/envs/pyenv/shims:/home/aitaro/.anyenv/envs/pyenv/bin:/home/aitaro/.anyenv/bin:/usr/local/bin:/usr/bin:/bin:/usr/local/games:/usr/games
Wed Apr 24 20:24:01 JST 2019
finish
/home/aitaro/.anyenv/envs/pyenv/shims:/home/aitaro/.anyenv/envs/pyenv/bin:/home/aitaro/.anyenv/bin:/usr/local/bin:/usr/bin:/bin:/usr/local/games:/usr/games
Wed Apr 24 20:53:01 JST 2019
finish
/home/aitaro/.anyenv/envs/pyenv/shims:/home/aitaro/.anyenv/envs/pyenv/bin:/home/aitaro/.anyenv/bin:/usr/local/bin:/usr/bin:/bin:/usr/local/games:/usr/games
Wed Apr 24 21:24:01 JST 2019
finish
/home/aitaro/.anyenv/envs/pyenv/shims:/home/aitaro/.anyenv/envs/pyenv/bin:/home/aitaro/.anyenv/bin:/usr/local/bin:/usr/bin:/bin:/usr/local/games:/usr/games
Wed Apr 24 21:53:01 JST 2019
finish
/home/aitaro/.anyenv/envs/pyenv/shims:/home/aitaro/.anyenv/envs/pyenv/bin:/home/aitaro/.anyenv/bin:/usr/local/bin:/usr/bin:/bin:/usr/local/games:/usr/games
Wed Apr 24 22:24:01 JST 2019
finish
/home/aitaro/.anyenv/envs/pyenv/shims:/home/aitaro/.anyenv/envs/pyenv/bin:/home/aitaro/.anyenv/bin:/usr/local/bin:/usr/bin:/bin:/usr/local/games:/usr/games
Wed Apr 24 22:53:01 JST 2019
finish
/home/aitaro/.anyenv/envs/pyenv/shims:/home/aitaro/.anyenv/envs/pyenv/bin:/home/aitaro/.anyenv/bin:/usr/local/bin:/usr/bin:/bin:/usr/local/games:/usr/games
Wed Apr 24 23:24:01 JST 2019
finish
/home/aitaro/.anyenv/envs/pyenv/shims:/home/aitaro/.anyenv/envs/pyenv/bin:/home/aitaro/.anyenv/bin:/usr/local/bin:/usr/bin:/bin:/usr/local/games:/usr/games
Wed Apr 24 23:53:01 JST 2019
finish
/home/aitaro/.anyenv/envs/pyenv/shims:/home/aitaro/.anyenv/envs/pyenv/bin:/home/aitaro/.anyenv/bin:/usr/local/bin:/usr/bin:/bin:/usr/local/games:/usr/games
Thu Apr 25 00:24:01 JST 2019
finish
/home/aitaro/.anyenv/envs/pyenv/shims:/home/aitaro/.anyenv/envs/pyenv/bin:/home/aitaro/.anyenv/bin:/usr/local/bin:/usr/bin:/bin:/usr/local/games:/usr/games
Thu Apr 25 00:53:01 JST 2019
finish
/home/aitaro/.anyenv/envs/pyenv/shims:/home/aitaro/.anyenv/envs/pyenv/bin:/home/aitaro/.anyenv/bin:/usr/local/bin:/usr/bin:/bin:/usr/local/games:/usr/games
Thu Apr 25 09:24:01 JST 2019
finish
/home/aitaro/.anyenv/envs/pyenv/shims:/home/aitaro/.anyenv/envs/pyenv/bin:/home/aitaro/.anyenv/bin:/usr/local/bin:/usr/bin:/bin:/usr/local/games:/usr/games
Thu Apr 25 09:53:01 JST 2019
finish
/home/aitaro/.anyenv/envs/pyenv/shims:/home/aitaro/.anyenv/envs/pyenv/bin:/home/aitaro/.anyenv/bin:/usr/local/bin:/usr/bin:/bin:/usr/local/games:/usr/games
Thu Apr 25 10:24:01 JST 2019
finish
/home/aitaro/.anyenv/envs/pyenv/shims:/home/aitaro/.anyenv/envs/pyenv/bin:/home/aitaro/.anyenv/bin:/usr/local/bin:/usr/bin:/bin:/usr/local/games:/usr/games
Thu Apr 25 10:53:01 JST 2019
finish
/home/aitaro/.anyenv/envs/pyenv/shims:/home/aitaro/.anyenv/envs/pyenv/bin:/home/aitaro/.anyenv/bin:/usr/local/bin:/usr/bin:/bin:/usr/local/games:/usr/games
Thu Apr 25 11:24:01 JST 2019
finish
/home/aitaro/.anyenv/envs/pyenv/shims:/home/aitaro/.anyenv/envs/pyenv/bin:/home/aitaro/.anyenv/bin:/usr/local/bin:/usr/bin:/bin:/usr/local/games:/usr/games
Thu Apr 25 11:53:01 JST 2019
finish
/home/aitaro/.anyenv/envs/pyenv/shims:/home/aitaro/.anyenv/envs/pyenv/bin:/home/aitaro/.anyenv/bin:/usr/local/bin:/usr/bin:/bin:/usr/local/games:/usr/games
Thu Apr 25 12:24:01 JST 2019
finish
/home/aitaro/.anyenv/envs/pyenv/shims:/home/aitaro/.anyenv/envs/pyenv/bin:/home/aitaro/.anyenv/bin:/usr/local/bin:/usr/bin:/bin:/usr/local/games:/usr/games
Thu Apr 25 12:53:01 JST 2019
finish
/home/aitaro/.anyenv/envs/pyenv/shims:/home/aitaro/.anyenv/envs/pyenv/bin:/home/aitaro/.anyenv/bin:/usr/local/bin:/usr/bin:/bin:/usr/local/games:/usr/games
Thu Apr 25 13:24:01 JST 2019
finish
/home/aitaro/.anyenv/envs/pyenv/shims:/home/aitaro/.anyenv/envs/pyenv/bin:/home/aitaro/.anyenv/bin:/usr/local/bin:/usr/bin:/bin:/usr/local/games:/usr/games
Thu Apr 25 13:53:01 JST 2019
finish
/home/aitaro/.anyenv/envs/pyenv/shims:/home/aitaro/.anyenv/envs/pyenv/bin:/home/aitaro/.anyenv/bin:/usr/local/bin:/usr/bin:/bin:/usr/local/games:/usr/games
Thu Apr 25 14:53:02 JST 2019
finish
/home/aitaro/.anyenv/envs/pyenv/shims:/home/aitaro/.anyenv/envs/pyenv/bin:/home/aitaro/.anyenv/bin:/usr/local/bin:/usr/bin:/bin:/usr/local/games:/usr/games
Thu Apr 25 15:53:01 JST 2019
finish
/home/aitaro/.anyenv/envs/pyenv/shims:/home/aitaro/.anyenv/envs/pyenv/bin:/home/aitaro/.anyenv/bin:/usr/local/bin:/usr/bin:/bin:/usr/local/games:/usr/games
Thu Apr 25 16:53:01 JST 2019
finish
/home/aitaro/.anyenv/envs/pyenv/shims:/home/aitaro/.anyenv/envs/pyenv/bin:/home/aitaro/.anyenv/bin:/usr/local/bin:/usr/bin:/bin:/usr/local/games:/usr/games
Thu Apr 25 17:53:01 JST 2019
finish
/home/aitaro/.anyenv/envs/pyenv/shims:/home/aitaro/.anyenv/envs/pyenv/bin:/home/aitaro/.anyenv/bin:/usr/local/bin:/usr/bin:/bin:/usr/local/games:/usr/games
Thu Apr 25 19:23:01 JST 2019
finish
/home/aitaro/.anyenv/envs/pyenv/shims:/home/aitaro/.anyenv/envs/pyenv/bin:/home/aitaro/.anyenv/bin:/usr/local/bin:/usr/bin:/bin:/usr/local/games:/usr/games
Thu Apr 25 19:53:01 JST 2019
finish
/home/aitaro/.anyenv/envs/pyenv/shims:/home/aitaro/.anyenv/envs/pyenv/bin:/home/aitaro/.anyenv/bin:/usr/local/bin:/usr/bin:/bin:/usr/local/games:/usr/games
Thu Apr 25 20:23:01 JST 2019
finish
/home/aitaro/.anyenv/envs/pyenv/shims:/home/aitaro/.anyenv/envs/pyenv/bin:/home/aitaro/.anyenv/bin:/usr/local/bin:/usr/bin:/bin:/usr/local/games:/usr/games
Thu Apr 25 21:23:01 JST 2019
finish
/home/aitaro/.anyenv/envs/pyenv/shims:/home/aitaro/.anyenv/envs/pyenv/bin:/home/aitaro/.anyenv/bin:/usr/local/bin:/usr/bin:/bin:/usr/local/games:/usr/games
Thu Apr 25 21:53:01 JST 2019
finish
/home/aitaro/.anyenv/envs/pyenv/shims:/home/aitaro/.anyenv/envs/pyenv/bin:/home/aitaro/.anyenv/bin:/usr/local/bin:/usr/bin:/bin:/usr/local/games:/usr/games
Thu Apr 25 22:23:01 JST 2019
finish
/home/aitaro/.anyenv/envs/pyenv/shims:/home/aitaro/.anyenv/envs/pyenv/bin:/home/aitaro/.anyenv/bin:/usr/local/bin:/usr/bin:/bin:/usr/local/games:/usr/games
Thu Apr 25 23:53:01 JST 2019
finish
/home/aitaro/.anyenv/envs/pyenv/shims:/home/aitaro/.anyenv/envs/pyenv/bin:/home/aitaro/.anyenv/bin:/usr/local/bin:/usr/bin:/bin:/usr/local/games:/usr/games
Fri Apr 26 00:23:01 JST 2019
finish
/home/aitaro/.anyenv/envs/pyenv/shims:/home/aitaro/.anyenv/envs/pyenv/bin:/home/aitaro/.anyenv/bin:/usr/local/bin:/usr/bin:/bin:/usr/local/games:/usr/games
Fri Apr 26 00:53:01 JST 2019
finish
/home/aitaro/.anyenv/envs/pyenv/shims:/home/aitaro/.anyenv/envs/pyenv/bin:/home/aitaro/.anyenv/bin:/usr/local/bin:/usr/bin:/bin:/usr/local/games:/usr/games
Fri Apr 26 09:53:01 JST 2019
finish
/home/aitaro/.anyenv/envs/pyenv/shims:/home/aitaro/.anyenv/envs/pyenv/bin:/home/aitaro/.anyenv/bin:/usr/local/bin:/usr/bin:/bin:/usr/local/games:/usr/games
Fri Apr 26 11:53:01 JST 2019
finish
/home/aitaro/.anyenv/envs/pyenv/shims:/home/aitaro/.anyenv/envs/pyenv/bin:/home/aitaro/.anyenv/bin:/usr/local/bin:/usr/bin:/bin:/usr/local/games:/usr/games
Fri Apr 26 14:43:01 JST 2019
finish
/home/aitaro/.anyenv/envs/pyenv/shims:/home/aitaro/.anyenv/envs/pyenv/bin:/home/aitaro/.anyenv/bin:/usr/local/bin:/usr/bin:/bin:/usr/local/games:/usr/games
Fri Apr 26 15:03:01 JST 2019
finish
/home/aitaro/.anyenv/envs/pyenv/shims:/home/aitaro/.anyenv/envs/pyenv/bin:/home/aitaro/.anyenv/bin:/usr/local/bin:/usr/bin:/bin:/usr/local/games:/usr/games
Fri Apr 26 16:43:01 JST 2019
finish
/home/aitaro/.anyenv/envs/pyenv/shims:/home/aitaro/.anyenv/envs/pyenv/bin:/home/aitaro/.anyenv/bin:/usr/local/bin:/usr/bin:/bin:/usr/local/games:/usr/games
Fri Apr 26 17:03:01 JST 2019
finish
/home/aitaro/.anyenv/envs/pyenv/shims:/home/aitaro/.anyenv/envs/pyenv/bin:/home/aitaro/.anyenv/bin:/usr/local/bin:/usr/bin:/bin:/usr/local/games:/usr/games
Fri Apr 26 18:23:01 JST 2019
finish
/home/aitaro/.anyenv/envs/pyenv/shims:/home/aitaro/.anyenv/envs/pyenv/bin:/home/aitaro/.anyenv/bin:/usr/local/bin:/usr/bin:/bin:/usr/local/games:/usr/games
Fri Apr 26 18:43:01 JST 2019
finish
/home/aitaro/.anyenv/envs/pyenv/shims:/home/aitaro/.anyenv/envs/pyenv/bin:/home/aitaro/.anyenv/bin:/usr/local/bin:/usr/bin:/bin:/usr/local/games:/usr/games
Fri Apr 26 19:03:01 JST 2019
finish
/home/aitaro/.anyenv/envs/pyenv/shims:/home/aitaro/.anyenv/envs/pyenv/bin:/home/aitaro/.anyenv/bin:/usr/local/bin:/usr/bin:/bin:/usr/local/games:/usr/games
Fri Apr 26 19:23:01 JST 2019
finish
/home/aitaro/.anyenv/envs/pyenv/shims:/home/aitaro/.anyenv/envs/pyenv/bin:/home/aitaro/.anyenv/bin:/usr/local/bin:/usr/bin:/bin:/usr/local/games:/usr/games
Fri Apr 26 20:23:01 JST 2019
finish
/home/aitaro/.anyenv/envs/pyenv/shims:/home/aitaro/.anyenv/envs/pyenv/bin:/home/aitaro/.anyenv/bin:/usr/local/bin:/usr/bin:/bin:/usr/local/games:/usr/games
Fri Apr 26 20:43:01 JST 2019
finish
/home/aitaro/.anyenv/envs/pyenv/shims:/home/aitaro/.anyenv/envs/pyenv/bin:/home/aitaro/.anyenv/bin:/usr/local/bin:/usr/bin:/bin:/usr/local/games:/usr/games
Fri Apr 26 21:03:01 JST 2019
finish
/home/aitaro/.anyenv/envs/pyenv/shims:/home/aitaro/.anyenv/envs/pyenv/bin:/home/aitaro/.anyenv/bin:/usr/local/bin:/usr/bin:/bin:/usr/local/games:/usr/games
Fri Apr 26 21:23:01 JST 2019
finish
/home/aitaro/.anyenv/envs/pyenv/shims:/home/aitaro/.anyenv/envs/pyenv/bin:/home/aitaro/.anyenv/bin:/usr/local/bin:/usr/bin:/bin:/usr/local/games:/usr/games
Fri Apr 26 22:23:01 JST 2019
finish
/home/aitaro/.anyenv/envs/pyenv/shims:/home/aitaro/.anyenv/envs/pyenv/bin:/home/aitaro/.anyenv/bin:/usr/local/bin:/usr/bin:/bin:/usr/local/games:/usr/games
Fri Apr 26 22:43:01 JST 2019
finish
/home/aitaro/.anyenv/envs/pyenv/shims:/home/aitaro/.anyenv/envs/pyenv/bin:/home/aitaro/.anyenv/bin:/usr/local/bin:/usr/bin:/bin:/usr/local/games:/usr/games
Fri Apr 26 23:03:01 JST 2019
finish
/home/aitaro/.anyenv/envs/pyenv/shims:/home/aitaro/.anyenv/envs/pyenv/bin:/home/aitaro/.anyenv/bin:/usr/local/bin:/usr/bin:/bin:/usr/local/games:/usr/games
Fri Apr 26 23:23:01 JST 2019
finish
/home/aitaro/.anyenv/envs/pyenv/shims:/home/aitaro/.anyenv/envs/pyenv/bin:/home/aitaro/.anyenv/bin:/usr/local/bin:/usr/bin:/bin:/usr/local/games:/usr/games
Sat Apr 27 00:03:01 JST 2019
finish
/home/aitaro/.anyenv/envs/pyenv/shims:/home/aitaro/.anyenv/envs/pyenv/bin:/home/aitaro/.anyenv/bin:/usr/local/bin:/usr/bin:/bin:/usr/local/games:/usr/games
Sat Apr 27 00:43:01 JST 2019
finish
/home/aitaro/.anyenv/envs/pyenv/shims:/home/aitaro/.anyenv/envs/pyenv/bin:/home/aitaro/.anyenv/bin:/usr/local/bin:/usr/bin:/bin:/usr/local/games:/usr/games
Sat Apr 27 01:03:01 JST 2019
finish
/home/aitaro/.anyenv/envs/pyenv/shims:/home/aitaro/.anyenv/envs/pyenv/bin:/home/aitaro/.anyenv/bin:/usr/local/bin:/usr/bin:/bin:/usr/local/games:/usr/games
Sat Apr 27 09:03:01 JST 2019
finish
/home/aitaro/.anyenv/envs/pyenv/shims:/home/aitaro/.anyenv/envs/pyenv/bin:/home/aitaro/.anyenv/bin:/usr/local/bin:/usr/bin:/bin:/usr/local/games:/usr/games
Sat Apr 27 11:03:01 JST 2019
finish
/home/aitaro/.anyenv/envs/pyenv/shims:/home/aitaro/.anyenv/envs/pyenv/bin:/home/aitaro/.anyenv/bin:/usr/local/bin:/usr/bin:/bin:/usr/local/games:/usr/games
Sat Apr 27 12:43:01 JST 2019
finish
/home/aitaro/.anyenv/envs/pyenv/shims:/home/aitaro/.anyenv/envs/pyenv/bin:/home/aitaro/.anyenv/bin:/usr/local/bin:/usr/bin:/bin:/usr/local/games:/usr/games
Sat Apr 27 13:03:01 JST 2019
finish
/home/aitaro/.anyenv/envs/pyenv/shims:/home/aitaro/.anyenv/envs/pyenv/bin:/home/aitaro/.anyenv/bin:/usr/local/bin:/usr/bin:/bin:/usr/local/games:/usr/games
Sat Apr 27 14:43:01 JST 2019
finish
/home/aitaro/.anyenv/envs/pyenv/shims:/home/aitaro/.anyenv/envs/pyenv/bin:/home/aitaro/.anyenv/bin:/usr/local/bin:/usr/bin:/bin:/usr/local/games:/usr/games
Sat Apr 27 15:03:01 JST 2019
finish
