Python 3.7.3
hello
hello
hello
hello
hello
/home/aitaro
/home/aitaro/influencer
/home/aitaro/influencer
/home/aitaro/influencer
hello from python
/usr/bin:/bin
/usr/bin:/bin
aitaro
aitaro
aitaro
HOME=/home/aitaro
OLDPWD=/home/aitaro
LOGNAME=aitaro
PATH=/usr/bin:/bin
LANG=en_US.UTF-8
SHELL=/bin/sh
PWD=/home/aitaro/influencer
HOME=/home/aitaro
OLDPWD=/home/aitaro
LOGNAME=aitaro
PATH=/usr/bin:/bin
LANG=en_US.UTF-8
SHELL=/bin/sh
PWD=/home/aitaro/influencer
HOME=/home/aitaro
OLDPWD=/home/aitaro
LOGNAME=aitaro
PATH=/usr/bin:/bin
LANG=en_US.UTF-8
SHELL=/bin/sh
PWD=/home/aitaro/influencer
HOME=/home/aitaro
OLDPWD=/home/aitaro
LOGNAME=aitaro
PATH=/usr/bin:/bin
LANG=en_US.UTF-8
SHELL=/bin/sh
PWD=/home/aitaro/influencer
HOME=/home/aitaro
OLDPWD=/home/aitaro
LOGNAME=aitaro
PATH=/usr/bin:/bin
LANG=en_US.UTF-8
SHELL=/bin/sh
PWD=/home/aitaro/influencer
HOME=/home/aitaro
OLDPWD=/home/aitaro
LOGNAME=aitaro
PATH=/usr/bin:/bin
LANG=en_US.UTF-8
SHELL=/bin/sh
PWD=/home/aitaro/influencer
/home/aitaro/.anyenv/envs/pyenv/shims:/home/aitaro/.anyenv/envs/pyenv/bin:/home/aitaro/.anyenv/bin:/usr/bin:/bin
/home/aitaro/.anyenv/envs/pyenv/shims:/home/aitaro/.anyenv/envs/pyenv/bin:/home/aitaro/.anyenv/bin:/usr/local/bin:/usr/bin:/bin:/usr/local/games:/usr/games
/home/aitaro/.anyenv/envs/pyenv/shims:/home/aitaro/.anyenv/envs/pyenv/bin:/home/aitaro/.anyenv/bin:/usr/local/bin:/usr/bin:/bin:/usr/local/games:/usr/games
/home/aitaro/.anyenv/envs/pyenv/shims:/home/aitaro/.anyenv/envs/pyenv/bin:/home/aitaro/.anyenv/bin:/usr/local/bin:/usr/bin:/bin:/usr/local/games:/usr/games
/home/aitaro/.anyenv/envs/pyenv/shims:/home/aitaro/.anyenv/envs/pyenv/bin:/home/aitaro/.anyenv/bin:/usr/local/bin:/usr/bin:/bin:/usr/local/games:/usr/games
finish
/home/aitaro/.anyenv/envs/pyenv/shims:/home/aitaro/.anyenv/envs/pyenv/bin:/home/aitaro/.anyenv/bin:/usr/local/bin:/usr/bin:/bin:/usr/local/games:/usr/games
finish
/home/aitaro/.anyenv/envs/pyenv/shims:/home/aitaro/.anyenv/envs/pyenv/bin:/home/aitaro/.anyenv/bin:/usr/local/bin:/usr/bin:/bin:/usr/local/games:/usr/games
hello from python
finish
/home/aitaro/.anyenv/envs/pyenv/shims:/home/aitaro/.anyenv/envs/pyenv/bin:/home/aitaro/.anyenv/bin:/usr/local/bin:/usr/bin:/bin:/usr/local/games:/usr/games
finish
/home/aitaro/.anyenv/envs/pyenv/shims:/home/aitaro/.anyenv/envs/pyenv/bin:/home/aitaro/.anyenv/bin:/usr/local/bin:/usr/bin:/bin:/usr/local/games:/usr/games
finish
/home/aitaro/.anyenv/envs/pyenv/shims:/home/aitaro/.anyenv/envs/pyenv/bin:/home/aitaro/.anyenv/bin:/usr/local/bin:/usr/bin:/bin:/usr/local/games:/usr/games
finish
/home/aitaro/.anyenv/envs/pyenv/shims:/home/aitaro/.anyenv/envs/pyenv/bin:/home/aitaro/.anyenv/bin:/usr/local/bin:/usr/bin:/bin:/usr/local/games:/usr/games
finish
/home/aitaro/.anyenv/envs/pyenv/shims:/home/aitaro/.anyenv/envs/pyenv/bin:/home/aitaro/.anyenv/bin:/usr/local/bin:/usr/bin:/bin:/usr/local/games:/usr/games
hello main python
finish
/home/aitaro/.anyenv/envs/pyenv/shims:/home/aitaro/.anyenv/envs/pyenv/bin:/home/aitaro/.anyenv/bin:/usr/local/bin:/usr/bin:/bin:/usr/local/games:/usr/games
hello main python
finish
/home/aitaro/.anyenv/envs/pyenv/shims:/home/aitaro/.anyenv/envs/pyenv/bin:/home/aitaro/.anyenv/bin:/usr/local/bin:/usr/bin:/bin:/usr/local/games:/usr/games
hello main python
finish
/home/aitaro/.anyenv/envs/pyenv/shims:/home/aitaro/.anyenv/envs/pyenv/bin:/home/aitaro/.anyenv/bin:/usr/local/bin:/usr/bin:/bin:/usr/local/games:/usr/games
hello main python
finish
/home/aitaro/.anyenv/envs/pyenv/shims:/home/aitaro/.anyenv/envs/pyenv/bin:/home/aitaro/.anyenv/bin:/usr/local/bin:/usr/bin:/bin:/usr/local/games:/usr/games
hello main python
finish
/home/aitaro/.anyenv/envs/pyenv/shims:/home/aitaro/.anyenv/envs/pyenv/bin:/home/aitaro/.anyenv/bin:/usr/local/bin:/usr/bin:/bin:/usr/local/games:/usr/games
hello main python
finish
/home/aitaro/.anyenv/envs/pyenv/shims:/home/aitaro/.anyenv/envs/pyenv/bin:/home/aitaro/.anyenv/bin:/usr/local/bin:/usr/bin:/bin:/usr/local/games:/usr/games
hello main python
finish
/home/aitaro/.anyenv/envs/pyenv/shims:/home/aitaro/.anyenv/envs/pyenv/bin:/home/aitaro/.anyenv/bin:/usr/local/bin:/usr/bin:/bin:/usr/local/games:/usr/games
hello main python
success
hello main python finished
finish
/home/aitaro/.anyenv/envs/pyenv/shims:/home/aitaro/.anyenv/envs/pyenv/bin:/home/aitaro/.anyenv/bin:/usr/local/bin:/usr/bin:/bin:/usr/local/games:/usr/games
hello main python
finish
/home/aitaro/.anyenv/envs/pyenv/shims:/home/aitaro/.anyenv/envs/pyenv/bin:/home/aitaro/.anyenv/bin:/usr/local/bin:/usr/bin:/bin:/usr/local/games:/usr/games
hello main python
finish
/home/aitaro/.anyenv/envs/pyenv/shims:/home/aitaro/.anyenv/envs/pyenv/bin:/home/aitaro/.anyenv/bin:/usr/local/bin:/usr/bin:/bin:/usr/local/games:/usr/games
hello main python
success
hello main python finished
finish
/home/aitaro/.anyenv/envs/pyenv/shims:/home/aitaro/.anyenv/envs/pyenv/bin:/home/aitaro/.anyenv/bin:/usr/local/bin:/usr/bin:/bin:/usr/local/games:/usr/games
finish
/home/aitaro/.anyenv/envs/pyenv/shims:/home/aitaro/.anyenv/envs/pyenv/bin:/home/aitaro/.anyenv/bin:/usr/local/bin:/usr/bin:/bin:/usr/local/games:/usr/games
finish
/home/aitaro/.anyenv/envs/pyenv/shims:/home/aitaro/.anyenv/envs/pyenv/bin:/home/aitaro/.anyenv/bin:/usr/local/bin:/usr/bin:/bin:/usr/local/games:/usr/games
finish
/home/aitaro/.anyenv/envs/pyenv/shims:/home/aitaro/.anyenv/envs/pyenv/bin:/home/aitaro/.anyenv/bin:/usr/local/bin:/usr/bin:/bin:/usr/local/games:/usr/games
finish
/home/aitaro/.anyenv/envs/pyenv/shims:/home/aitaro/.anyenv/envs/pyenv/bin:/home/aitaro/.anyenv/bin:/usr/local/bin:/usr/bin:/bin:/usr/local/games:/usr/games
finish
/home/aitaro/.anyenv/envs/pyenv/shims:/home/aitaro/.anyenv/envs/pyenv/bin:/home/aitaro/.anyenv/bin:/usr/local/bin:/usr/bin:/bin:/usr/local/games:/usr/games
finish
/home/aitaro/.anyenv/envs/pyenv/shims:/home/aitaro/.anyenv/envs/pyenv/bin:/home/aitaro/.anyenv/bin:/usr/local/bin:/usr/bin:/bin:/usr/local/games:/usr/games
finish
/home/aitaro/.anyenv/envs/pyenv/shims:/home/aitaro/.anyenv/envs/pyenv/bin:/home/aitaro/.anyenv/bin:/usr/local/bin:/usr/bin:/bin:/usr/local/games:/usr/games
finish
/home/aitaro/.anyenv/envs/pyenv/shims:/home/aitaro/.anyenv/envs/pyenv/bin:/home/aitaro/.anyenv/bin:/usr/local/bin:/usr/bin:/bin:/usr/local/games:/usr/games
finish
/home/aitaro/.anyenv/envs/pyenv/shims:/home/aitaro/.anyenv/envs/pyenv/bin:/home/aitaro/.anyenv/bin:/usr/local/bin:/usr/bin:/bin:/usr/local/games:/usr/games
finish
/home/aitaro/.anyenv/envs/pyenv/shims:/home/aitaro/.anyenv/envs/pyenv/bin:/home/aitaro/.anyenv/bin:/usr/local/bin:/usr/bin:/bin:/usr/local/games:/usr/games
finish
/home/aitaro/.anyenv/envs/pyenv/shims:/home/aitaro/.anyenv/envs/pyenv/bin:/home/aitaro/.anyenv/bin:/usr/local/bin:/usr/bin:/bin:/usr/local/games:/usr/games
finish
/home/aitaro/.anyenv/envs/pyenv/shims:/home/aitaro/.anyenv/envs/pyenv/bin:/home/aitaro/.anyenv/bin:/usr/local/bin:/usr/bin:/bin:/usr/local/games:/usr/games
finish
/home/aitaro/.anyenv/envs/pyenv/shims:/home/aitaro/.anyenv/envs/pyenv/bin:/home/aitaro/.anyenv/bin:/usr/local/bin:/usr/bin:/bin:/usr/local/games:/usr/games
finish
/home/aitaro/.anyenv/envs/pyenv/shims:/home/aitaro/.anyenv/envs/pyenv/bin:/home/aitaro/.anyenv/bin:/usr/local/bin:/usr/bin:/bin:/usr/local/games:/usr/games
finish
/home/aitaro/.anyenv/envs/pyenv/shims:/home/aitaro/.anyenv/envs/pyenv/bin:/home/aitaro/.anyenv/bin:/usr/local/bin:/usr/bin:/bin:/usr/local/games:/usr/games
finish
/home/aitaro/.anyenv/envs/pyenv/shims:/home/aitaro/.anyenv/envs/pyenv/bin:/home/aitaro/.anyenv/bin:/usr/local/bin:/usr/bin:/bin:/usr/local/games:/usr/games
finish
/home/aitaro/.anyenv/envs/pyenv/shims:/home/aitaro/.anyenv/envs/pyenv/bin:/home/aitaro/.anyenv/bin:/usr/local/bin:/usr/bin:/bin:/usr/local/games:/usr/games
finish
/home/aitaro/.anyenv/envs/pyenv/shims:/home/aitaro/.anyenv/envs/pyenv/bin:/home/aitaro/.anyenv/bin:/usr/local/bin:/usr/bin:/bin:/usr/local/games:/usr/games
finish
/home/aitaro/.anyenv/envs/pyenv/shims:/home/aitaro/.anyenv/envs/pyenv/bin:/home/aitaro/.anyenv/bin:/usr/local/bin:/usr/bin:/bin:/usr/local/games:/usr/games
finish
/home/aitaro/.anyenv/envs/pyenv/shims:/home/aitaro/.anyenv/envs/pyenv/bin:/home/aitaro/.anyenv/bin:/usr/local/bin:/usr/bin:/bin:/usr/local/games:/usr/games
finish
/home/aitaro/.anyenv/envs/pyenv/shims:/home/aitaro/.anyenv/envs/pyenv/bin:/home/aitaro/.anyenv/bin:/usr/local/bin:/usr/bin:/bin:/usr/local/games:/usr/games
finish
/home/aitaro/.anyenv/envs/pyenv/shims:/home/aitaro/.anyenv/envs/pyenv/bin:/home/aitaro/.anyenv/bin:/usr/local/bin:/usr/bin:/bin:/usr/local/games:/usr/games
finish
/home/aitaro/.anyenv/envs/pyenv/shims:/home/aitaro/.anyenv/envs/pyenv/bin:/home/aitaro/.anyenv/bin:/usr/local/bin:/usr/bin:/bin:/usr/local/games:/usr/games
finish
/home/aitaro/.anyenv/envs/pyenv/shims:/home/aitaro/.anyenv/envs/pyenv/bin:/home/aitaro/.anyenv/bin:/usr/local/bin:/usr/bin:/bin:/usr/local/games:/usr/games
finish
/home/aitaro/.anyenv/envs/pyenv/shims:/home/aitaro/.anyenv/envs/pyenv/bin:/home/aitaro/.anyenv/bin:/usr/local/bin:/usr/bin:/bin:/usr/local/games:/usr/games
finish
/home/aitaro/.anyenv/envs/pyenv/shims:/home/aitaro/.anyenv/envs/pyenv/bin:/home/aitaro/.anyenv/bin:/usr/local/bin:/usr/bin:/bin:/usr/local/games:/usr/games
finish
/home/aitaro/.anyenv/envs/pyenv/shims:/home/aitaro/.anyenv/envs/pyenv/bin:/home/aitaro/.anyenv/bin:/usr/local/bin:/usr/bin:/bin:/usr/local/games:/usr/games
finish
/home/aitaro/.anyenv/envs/pyenv/shims:/home/aitaro/.anyenv/envs/pyenv/bin:/home/aitaro/.anyenv/bin:/usr/local/bin:/usr/bin:/bin:/usr/local/games:/usr/games
finish
/home/aitaro/.anyenv/envs/pyenv/shims:/home/aitaro/.anyenv/envs/pyenv/bin:/home/aitaro/.anyenv/bin:/usr/local/bin:/usr/bin:/bin:/usr/local/games:/usr/games
finish
/home/aitaro/.anyenv/envs/pyenv/shims:/home/aitaro/.anyenv/envs/pyenv/bin:/home/aitaro/.anyenv/bin:/usr/local/bin:/usr/bin:/bin:/usr/local/games:/usr/games
finish
/home/aitaro/.anyenv/envs/pyenv/shims:/home/aitaro/.anyenv/envs/pyenv/bin:/home/aitaro/.anyenv/bin:/usr/local/bin:/usr/bin:/bin:/usr/local/games:/usr/games
finish
/home/aitaro/.anyenv/envs/pyenv/shims:/home/aitaro/.anyenv/envs/pyenv/bin:/home/aitaro/.anyenv/bin:/usr/local/bin:/usr/bin:/bin:/usr/local/games:/usr/games
finish
/home/aitaro/.anyenv/envs/pyenv/shims:/home/aitaro/.anyenv/envs/pyenv/bin:/home/aitaro/.anyenv/bin:/usr/local/bin:/usr/bin:/bin:/usr/local/games:/usr/games
finish
/home/aitaro/.anyenv/envs/pyenv/shims:/home/aitaro/.anyenv/envs/pyenv/bin:/home/aitaro/.anyenv/bin:/usr/local/bin:/usr/bin:/bin:/usr/local/games:/usr/games
finish
/home/aitaro/.anyenv/envs/pyenv/shims:/home/aitaro/.anyenv/envs/pyenv/bin:/home/aitaro/.anyenv/bin:/usr/local/bin:/usr/bin:/bin:/usr/local/games:/usr/games
finish
/home/aitaro/.anyenv/envs/pyenv/shims:/home/aitaro/.anyenv/envs/pyenv/bin:/home/aitaro/.anyenv/bin:/usr/local/bin:/usr/bin:/bin:/usr/local/games:/usr/games
finish
/home/aitaro/.anyenv/envs/pyenv/shims:/home/aitaro/.anyenv/envs/pyenv/bin:/home/aitaro/.anyenv/bin:/usr/local/bin:/usr/bin:/bin:/usr/local/games:/usr/games
finish
/home/aitaro/.anyenv/envs/pyenv/shims:/home/aitaro/.anyenv/envs/pyenv/bin:/home/aitaro/.anyenv/bin:/usr/local/bin:/usr/bin:/bin:/usr/local/games:/usr/games
finish
/home/aitaro/.anyenv/envs/pyenv/shims:/home/aitaro/.anyenv/envs/pyenv/bin:/home/aitaro/.anyenv/bin:/usr/local/bin:/usr/bin:/bin:/usr/local/games:/usr/games
finish
/home/aitaro/.anyenv/envs/pyenv/shims:/home/aitaro/.anyenv/envs/pyenv/bin:/home/aitaro/.anyenv/bin:/usr/local/bin:/usr/bin:/bin:/usr/local/games:/usr/games
finish
/home/aitaro/.anyenv/envs/pyenv/shims:/home/aitaro/.anyenv/envs/pyenv/bin:/home/aitaro/.anyenv/bin:/usr/local/bin:/usr/bin:/bin:/usr/local/games:/usr/games
finish
/home/aitaro/.anyenv/envs/pyenv/shims:/home/aitaro/.anyenv/envs/pyenv/bin:/home/aitaro/.anyenv/bin:/usr/local/bin:/usr/bin:/bin:/usr/local/games:/usr/games
finish
/home/aitaro/.anyenv/envs/pyenv/shims:/home/aitaro/.anyenv/envs/pyenv/bin:/home/aitaro/.anyenv/bin:/usr/local/bin:/usr/bin:/bin:/usr/local/games:/usr/games
finish
/home/aitaro/.anyenv/envs/pyenv/shims:/home/aitaro/.anyenv/envs/pyenv/bin:/home/aitaro/.anyenv/bin:/usr/local/bin:/usr/bin:/bin:/usr/local/games:/usr/games
finish
/home/aitaro/.anyenv/envs/pyenv/shims:/home/aitaro/.anyenv/envs/pyenv/bin:/home/aitaro/.anyenv/bin:/usr/local/bin:/usr/bin:/bin:/usr/local/games:/usr/games
finish
/home/aitaro/.anyenv/envs/pyenv/shims:/home/aitaro/.anyenv/envs/pyenv/bin:/home/aitaro/.anyenv/bin:/usr/local/bin:/usr/bin:/bin:/usr/local/games:/usr/games
finish
/home/aitaro/.anyenv/envs/pyenv/shims:/home/aitaro/.anyenv/envs/pyenv/bin:/home/aitaro/.anyenv/bin:/usr/local/bin:/usr/bin:/bin:/usr/local/games:/usr/games
finish
/home/aitaro/.anyenv/envs/pyenv/shims:/home/aitaro/.anyenv/envs/pyenv/bin:/home/aitaro/.anyenv/bin:/usr/local/bin:/usr/bin:/bin:/usr/local/games:/usr/games
finish
/home/aitaro/.anyenv/envs/pyenv/shims:/home/aitaro/.anyenv/envs/pyenv/bin:/home/aitaro/.anyenv/bin:/usr/local/bin:/usr/bin:/bin:/usr/local/games:/usr/games
finish
/home/aitaro/.anyenv/envs/pyenv/shims:/home/aitaro/.anyenv/envs/pyenv/bin:/home/aitaro/.anyenv/bin:/usr/local/bin:/usr/bin:/bin:/usr/local/games:/usr/games
finish
/home/aitaro/.anyenv/envs/pyenv/shims:/home/aitaro/.anyenv/envs/pyenv/bin:/home/aitaro/.anyenv/bin:/usr/local/bin:/usr/bin:/bin:/usr/local/games:/usr/games
finish
/home/aitaro/.anyenv/envs/pyenv/shims:/home/aitaro/.anyenv/envs/pyenv/bin:/home/aitaro/.anyenv/bin:/usr/local/bin:/usr/bin:/bin:/usr/local/games:/usr/games
finish
/home/aitaro/.anyenv/envs/pyenv/shims:/home/aitaro/.anyenv/envs/pyenv/bin:/home/aitaro/.anyenv/bin:/usr/local/bin:/usr/bin:/bin:/usr/local/games:/usr/games
finish
/home/aitaro/.anyenv/envs/pyenv/shims:/home/aitaro/.anyenv/envs/pyenv/bin:/home/aitaro/.anyenv/bin:/usr/local/bin:/usr/bin:/bin:/usr/local/games:/usr/games
finish
/home/aitaro/.anyenv/envs/pyenv/shims:/home/aitaro/.anyenv/envs/pyenv/bin:/home/aitaro/.anyenv/bin:/usr/local/bin:/usr/bin:/bin:/usr/local/games:/usr/games
finish
/home/aitaro/.anyenv/envs/pyenv/shims:/home/aitaro/.anyenv/envs/pyenv/bin:/home/aitaro/.anyenv/bin:/usr/local/bin:/usr/bin:/bin:/usr/local/games:/usr/games
finish
/home/aitaro/.anyenv/envs/pyenv/shims:/home/aitaro/.anyenv/envs/pyenv/bin:/home/aitaro/.anyenv/bin:/usr/local/bin:/usr/bin:/bin:/usr/local/games:/usr/games
finish
/home/aitaro/.anyenv/envs/pyenv/shims:/home/aitaro/.anyenv/envs/pyenv/bin:/home/aitaro/.anyenv/bin:/usr/local/bin:/usr/bin:/bin:/usr/local/games:/usr/games
finish
/home/aitaro/.anyenv/envs/pyenv/shims:/home/aitaro/.anyenv/envs/pyenv/bin:/home/aitaro/.anyenv/bin:/usr/local/bin:/usr/bin:/bin:/usr/local/games:/usr/games
finish
/home/aitaro/.anyenv/envs/pyenv/shims:/home/aitaro/.anyenv/envs/pyenv/bin:/home/aitaro/.anyenv/bin:/usr/local/bin:/usr/bin:/bin:/usr/local/games:/usr/games
finish
/home/aitaro/.anyenv/envs/pyenv/shims:/home/aitaro/.anyenv/envs/pyenv/bin:/home/aitaro/.anyenv/bin:/usr/local/bin:/usr/bin:/bin:/usr/local/games:/usr/games
finish
/home/aitaro/.anyenv/envs/pyenv/shims:/home/aitaro/.anyenv/envs/pyenv/bin:/home/aitaro/.anyenv/bin:/usr/local/bin:/usr/bin:/bin:/usr/local/games:/usr/games
finish
/home/aitaro/.anyenv/envs/pyenv/shims:/home/aitaro/.anyenv/envs/pyenv/bin:/home/aitaro/.anyenv/bin:/usr/local/bin:/usr/bin:/bin:/usr/local/games:/usr/games
finish
/home/aitaro/.anyenv/envs/pyenv/shims:/home/aitaro/.anyenv/envs/pyenv/bin:/home/aitaro/.anyenv/bin:/usr/local/bin:/usr/bin:/bin:/usr/local/games:/usr/games
finish
/home/aitaro/.anyenv/envs/pyenv/shims:/home/aitaro/.anyenv/envs/pyenv/bin:/home/aitaro/.anyenv/bin:/usr/local/bin:/usr/bin:/bin:/usr/local/games:/usr/games
finish
/home/aitaro/.anyenv/envs/pyenv/shims:/home/aitaro/.anyenv/envs/pyenv/bin:/home/aitaro/.anyenv/bin:/usr/local/bin:/usr/bin:/bin:/usr/local/games:/usr/games
finish
/home/aitaro/.anyenv/envs/pyenv/shims:/home/aitaro/.anyenv/envs/pyenv/bin:/home/aitaro/.anyenv/bin:/usr/local/bin:/usr/bin:/bin:/usr/local/games:/usr/games
finish
/home/aitaro/.anyenv/envs/pyenv/shims:/home/aitaro/.anyenv/envs/pyenv/bin:/home/aitaro/.anyenv/bin:/usr/local/bin:/usr/bin:/bin:/usr/local/games:/usr/games
finish
/home/aitaro/.anyenv/envs/pyenv/shims:/home/aitaro/.anyenv/envs/pyenv/bin:/home/aitaro/.anyenv/bin:/usr/local/bin:/usr/bin:/bin:/usr/local/games:/usr/games
finish
/home/aitaro/.anyenv/envs/pyenv/shims:/home/aitaro/.anyenv/envs/pyenv/bin:/home/aitaro/.anyenv/bin:/usr/local/bin:/usr/bin:/bin:/usr/local/games:/usr/games
finish
/home/aitaro/.anyenv/envs/pyenv/shims:/home/aitaro/.anyenv/envs/pyenv/bin:/home/aitaro/.anyenv/bin:/usr/local/bin:/usr/bin:/bin:/usr/local/games:/usr/games
finish
/home/aitaro/.anyenv/envs/pyenv/shims:/home/aitaro/.anyenv/envs/pyenv/bin:/home/aitaro/.anyenv/bin:/usr/local/bin:/usr/bin:/bin:/usr/local/games:/usr/games
finish
/home/aitaro/.anyenv/envs/pyenv/shims:/home/aitaro/.anyenv/envs/pyenv/bin:/home/aitaro/.anyenv/bin:/usr/local/bin:/usr/bin:/bin:/usr/local/games:/usr/games
finish
/home/aitaro/.anyenv/envs/pyenv/shims:/home/aitaro/.anyenv/envs/pyenv/bin:/home/aitaro/.anyenv/bin:/usr/local/bin:/usr/bin:/bin:/usr/local/games:/usr/games
finish
/home/aitaro/.anyenv/envs/pyenv/shims:/home/aitaro/.anyenv/envs/pyenv/bin:/home/aitaro/.anyenv/bin:/usr/local/bin:/usr/bin:/bin:/usr/local/games:/usr/games
date
finish
/home/aitaro/.anyenv/envs/pyenv/shims:/home/aitaro/.anyenv/envs/pyenv/bin:/home/aitaro/.anyenv/bin:/usr/local/bin:/usr/bin:/bin:/usr/local/games:/usr/games
date
finish
/home/aitaro/.anyenv/envs/pyenv/shims:/home/aitaro/.anyenv/envs/pyenv/bin:/home/aitaro/.anyenv/bin:/usr/local/bin:/usr/bin:/bin:/usr/local/games:/usr/games
Wed Apr 24 14:16:01 JST 2019
finish
/home/aitaro/.anyenv/envs/pyenv/shims:/home/aitaro/.anyenv/envs/pyenv/bin:/home/aitaro/.anyenv/bin:/usr/local/bin:/usr/bin:/bin:/usr/local/games:/usr/games
Wed Apr 24 14:38:01 JST 2019
finish
/home/aitaro/.anyenv/envs/pyenv/shims:/home/aitaro/.anyenv/envs/pyenv/bin:/home/aitaro/.anyenv/bin:/usr/local/bin:/usr/bin:/bin:/usr/local/games:/usr/games
Wed Apr 24 15:16:01 JST 2019
finish
/home/aitaro/.anyenv/envs/pyenv/shims:/home/aitaro/.anyenv/envs/pyenv/bin:/home/aitaro/.anyenv/bin:/usr/local/bin:/usr/bin:/bin:/usr/local/games:/usr/games
Wed Apr 24 15:38:01 JST 2019
finish
/home/aitaro/.anyenv/envs/pyenv/shims:/home/aitaro/.anyenv/envs/pyenv/bin:/home/aitaro/.anyenv/bin:/usr/local/bin:/usr/bin:/bin:/usr/local/games:/usr/games
Wed Apr 24 16:16:01 JST 2019
finish
/home/aitaro/.anyenv/envs/pyenv/shims:/home/aitaro/.anyenv/envs/pyenv/bin:/home/aitaro/.anyenv/bin:/usr/local/bin:/usr/bin:/bin:/usr/local/games:/usr/games
Wed Apr 24 16:38:01 JST 2019
finish
/home/aitaro/.anyenv/envs/pyenv/shims:/home/aitaro/.anyenv/envs/pyenv/bin:/home/aitaro/.anyenv/bin:/usr/local/bin:/usr/bin:/bin:/usr/local/games:/usr/games
Wed Apr 24 17:16:01 JST 2019
finish
/home/aitaro/.anyenv/envs/pyenv/shims:/home/aitaro/.anyenv/envs/pyenv/bin:/home/aitaro/.anyenv/bin:/usr/local/bin:/usr/bin:/bin:/usr/local/games:/usr/games
Wed Apr 24 17:38:01 JST 2019
finish
/home/aitaro/.anyenv/envs/pyenv/shims:/home/aitaro/.anyenv/envs/pyenv/bin:/home/aitaro/.anyenv/bin:/usr/local/bin:/usr/bin:/bin:/usr/local/games:/usr/games
Wed Apr 24 18:16:01 JST 2019
finish
/home/aitaro/.anyenv/envs/pyenv/shims:/home/aitaro/.anyenv/envs/pyenv/bin:/home/aitaro/.anyenv/bin:/usr/local/bin:/usr/bin:/bin:/usr/local/games:/usr/games
Wed Apr 24 18:38:01 JST 2019
finish
